

Started GET "/" for 127.0.0.1 at 2016-05-31 01:52:28 -0700
Processing by Rails::WelcomeController#index as HTML
  Rendered /home/gabriel/.rvm/gems/ruby-2.3.1/gems/railties-4.2.6/lib/rails/templates/rails/welcome/index.html.erb (6.2ms)
Completed 200 OK in 182ms (Views: 150.6ms)


Started GET "/" for 127.0.0.1 at 2016-05-31 17:28:08 -0700
Processing by Rails::WelcomeController#index as HTML
  Rendered /home/gabriel/.rvm/gems/ruby-2.3.1/gems/railties-4.2.6/lib/rails/templates/rails/welcome/index.html.erb (1.7ms)
Completed 200 OK in 79ms (Views: 42.2ms)


Started GET "/pages/HowItWorks" for 127.0.0.1 at 2016-05-31 17:28:38 -0700
Processing by PagesController#HowItWorks as HTML
  Rendered pages/HowItWorks.html.erb within layouts/application (0.7ms)
DEPRECATION WARNING on line 12 of /home/gabriel/.rvm/gems/ruby-2.3.1/gems/bootstrap-sass-3.3.6/assets/stylesheets/_bootstrap-mincer.scss: #{} interpolation near operators will be simplified
in a future version of Sass. To preserve the current behavior, use quotes:

  unquote("\"<%- asset_path(\"#{$path}\".replace(/[#?].*$/, '')) + \"#{$path}\".replace(/(^[^#?]*)([#?]?.*$)/, '$2') %>\"")

You can use the sass-convert command to automatically fix most cases.


DEPRECATION WARNING on line 16 of /home/gabriel/.rvm/gems/ruby-2.3.1/gems/bootstrap-sass-3.3.6/assets/stylesheets/_bootstrap-mincer.scss: #{} interpolation near operators will be simplified
in a future version of Sass. To preserve the current behavior, use quotes:

  unquote('"<%- asset_path("#{$file}") %>"')

You can use the sass-convert command to automatically fix most cases.


Completed 200 OK in 8304ms (Views: 8303.3ms)


Started GET "/assets/application.self-b99561e066f4274d45953dea98aa3daf6a801fba71647866fee3266e39bcc44f.css?body=1" for 127.0.0.1 at 2016-05-31 17:28:48 -0700


Started GET "/assets/jquery_ujs.self-e87806d0cf4489aeb1bb7288016024e8de67fd18db693fe026fe3907581e53cd.js?body=1" for 127.0.0.1 at 2016-05-31 17:28:48 -0700


Started GET "/assets/jquery.self-660adc51e0224b731d29f575a6f1ec167ba08ad06ed5deca4f1e8654c135bf4c.js?body=1" for 127.0.0.1 at 2016-05-31 17:28:48 -0700


Started GET "/assets/bootstrap/affix.self-3555752f8a930795ee9e56751a52e6871104ae85d01b3ab8363da3802a5ecc78.js?body=1" for 127.0.0.1 at 2016-05-31 17:28:48 -0700


Started GET "/assets/pages.self-877aef30ae1b040ab8a3aba4e3e309a11d7f2612f44dde450b5c157aa5f95c05.js?body=1" for 127.0.0.1 at 2016-05-31 17:28:48 -0700


Started GET "/assets/turbolinks.self-c37727e9bd6b2735da5c311aa83fead54ed0be6cc8bd9a65309e9c5abe2cbfff.js?body=1" for 127.0.0.1 at 2016-05-31 17:28:48 -0700


Started GET "/assets/bootstrap/alert.self-d8b7bd612b3dcfdefb7b5539b9d5848d66ccbd3e7af8bb8d48bfb3288aaa7be8.js?body=1" for 127.0.0.1 at 2016-05-31 17:28:48 -0700


Started GET "/assets/bootstrap/button.self-e74d33ba39500940a78d6fa4d2d64f6ca7fd86d60a2149641f7fde7ba711d8a1.js?body=1" for 127.0.0.1 at 2016-05-31 17:28:48 -0700


Started GET "/assets/bootstrap/carousel.self-35d204878d906298e55bc24553e11fd89b980fc4ffe5792fe36af8c0da289c54.js?body=1" for 127.0.0.1 at 2016-05-31 17:28:48 -0700


Started GET "/assets/bootstrap/dropdown.self-e56c2ffee4618411d43ecf15c89273f6223847ad756e1cd17545d04afa732ed4.js?body=1" for 127.0.0.1 at 2016-05-31 17:28:48 -0700


Started GET "/assets/bootstrap/modal.self-62463080dba6b9d024ff0a3192da0e76eacbc683194f3395047c6f5cfa0acb59.js?body=1" for 127.0.0.1 at 2016-05-31 17:28:48 -0700


Started GET "/assets/bootstrap/collapse.self-056c40532d9f0f126ec17e839f60c942f573fbd61a086e7f156306e3fc5e8c1f.js?body=1" for 127.0.0.1 at 2016-05-31 17:28:48 -0700


Started GET "/assets/bootstrap/scrollspy.self-52afd90e8ba97d9f08617a13986e8869d6c4a45751c0bff59a6f91241e722aca.js?body=1" for 127.0.0.1 at 2016-05-31 17:28:48 -0700


Started GET "/assets/bootstrap/tab.self-dad0d5c377f9fae26394484535ebb23ccf68afae084f896af6ea4cdf8c9f6ae0.js?body=1" for 127.0.0.1 at 2016-05-31 17:28:48 -0700


Started GET "/assets/bootstrap/transition.self-3b268d4cd8c79e46ded7392885f72f64ffb5b0d49948a12b8cf9779f6163e13a.js?body=1" for 127.0.0.1 at 2016-05-31 17:28:48 -0700


Started GET "/assets/bootstrap/tooltip.self-facdc69246a072acb927ded77ff655f7c27a518b9357fddd45d119fbc8a0ab9f.js?body=1" for 127.0.0.1 at 2016-05-31 17:28:48 -0700


Started GET "/assets/bootstrap/popover.self-210cff1fb4b72b71a29b5122180cb5937c8145cd13a934dc838280f1d9607a3e.js?body=1" for 127.0.0.1 at 2016-05-31 17:28:48 -0700


Started GET "/assets/bootstrap-sprockets.self-fbfa5ad7d9aa0afe439ec4ff3883acc4cb92b62cb67c40d674320c9aa1d4642d.js?body=1" for 127.0.0.1 at 2016-05-31 17:28:48 -0700


Started GET "/assets/application.self-f8806224e027f3e3f0138ea9ce99319e298dfdb323304d1f1be6eae8e8c74724.js?body=1" for 127.0.0.1 at 2016-05-31 17:28:48 -0700


Started GET "/pages/HowItWorks" for 127.0.0.1 at 2016-05-31 17:35:33 -0700
Processing by PagesController#HowItWorks as HTML
  Rendered pages/HowItWorks.html.erb within layouts/application (1.1ms)
Completed 200 OK in 1502ms (Views: 1463.2ms)


Started GET "/pages/HowItWorks" for 127.0.0.1 at 2016-05-31 17:35:51 -0700
Processing by PagesController#HowItWorks as HTML
  Rendered pages/HowItWorks.html.erb within layouts/application (9.5ms)
  Rendered shared/_navbar.html.erb (0.4ms)
Completed 200 OK in 4755ms (Views: 4741.0ms)


Started GET "/pages/HowItWorks" for 127.0.0.1 at 2016-05-31 17:48:10 -0700

SyntaxError (/home/gabriel/FYPJ/config/routes.rb:5: syntax error, unexpected tIDENTIFIER, expecting keyword_end
  get 'HowItWorks' => "pages#HowItWorks" as: :HowItWorks
                                           ^
/home/gabriel/FYPJ/config/routes.rb:6: syntax error, unexpected tIDENTIFIER, expecting keyword_end
  get 'Employees' => "pages#Employees" as: :Employees
                                         ^
/home/gabriel/FYPJ/config/routes.rb:7: syntax error, unexpected tIDENTIFIER, expecting keyword_end
  get 'SignUp' => "pages#SignUp" as: :SignUp
                                   ^):
  config/routes.rb:5: syntax error, unexpected tIDENTIFIER, expecting keyword_end
  config/routes.rb:6: syntax error, unexpected tIDENTIFIER, expecting keyword_end
  config/routes.rb:7: syntax error, unexpected tIDENTIFIER, expecting keyword_end


  Rendered /home/gabriel/.rvm/gems/ruby-2.3.1/gems/actionpack-4.2.6/lib/action_dispatch/middleware/templates/rescues/_source.erb (117.1ms)
  Rendered /home/gabriel/.rvm/gems/ruby-2.3.1/gems/actionpack-4.2.6/lib/action_dispatch/middleware/templates/rescues/_trace.html.erb (70.1ms)
  Rendered /home/gabriel/.rvm/gems/ruby-2.3.1/gems/actionpack-4.2.6/lib/action_dispatch/middleware/templates/rescues/_request_and_response.html.erb (15.4ms)
  Rendered /home/gabriel/.rvm/gems/ruby-2.3.1/gems/actionpack-4.2.6/lib/action_dispatch/middleware/templates/rescues/diagnostics.html.erb within rescues/layout (339.1ms)
  Rendered /home/gabriel/.rvm/gems/ruby-2.3.1/gems/web-console-2.3.0/lib/web_console/templates/_markup.html.erb (4.9ms)
  Rendered /home/gabriel/.rvm/gems/ruby-2.3.1/gems/web-console-2.3.0/lib/web_console/templates/_inner_console_markup.html.erb within layouts/inlined_string (0.7ms)
  Rendered /home/gabriel/.rvm/gems/ruby-2.3.1/gems/web-console-2.3.0/lib/web_console/templates/_prompt_box_markup.html.erb within layouts/inlined_string (11.2ms)
  Rendered /home/gabriel/.rvm/gems/ruby-2.3.1/gems/web-console-2.3.0/lib/web_console/templates/style.css.erb within layouts/inlined_string (16.2ms)
  Rendered /home/gabriel/.rvm/gems/ruby-2.3.1/gems/web-console-2.3.0/lib/web_console/templates/console.js.erb within layouts/javascript (442.4ms)
  Rendered /home/gabriel/.rvm/gems/ruby-2.3.1/gems/web-console-2.3.0/lib/web_console/templates/main.js.erb within layouts/javascript (1.1ms)
  Rendered /home/gabriel/.rvm/gems/ruby-2.3.1/gems/web-console-2.3.0/lib/web_console/templates/error_page.js.erb within layouts/javascript (10.3ms)
  Rendered /home/gabriel/.rvm/gems/ruby-2.3.1/gems/web-console-2.3.0/lib/web_console/templates/index.html.erb (559.6ms)


Started GET "/" for 127.0.0.1 at 2016-05-31 17:48:17 -0700

ActionController::RoutingError (No route matches [GET] "/"):
  actionpack (4.2.6) lib/action_dispatch/middleware/debug_exceptions.rb:21:in `call'
  web-console (2.3.0) lib/web_console/middleware.rb:28:in `block in call'
  web-console (2.3.0) lib/web_console/middleware.rb:18:in `catch'
  web-console (2.3.0) lib/web_console/middleware.rb:18:in `call'
  actionpack (4.2.6) lib/action_dispatch/middleware/show_exceptions.rb:30:in `call'
  railties (4.2.6) lib/rails/rack/logger.rb:38:in `call_app'
  railties (4.2.6) lib/rails/rack/logger.rb:20:in `block in call'
  activesupport (4.2.6) lib/active_support/tagged_logging.rb:68:in `block in tagged'
  activesupport (4.2.6) lib/active_support/tagged_logging.rb:26:in `tagged'
  activesupport (4.2.6) lib/active_support/tagged_logging.rb:68:in `tagged'
  railties (4.2.6) lib/rails/rack/logger.rb:20:in `call'
  actionpack (4.2.6) lib/action_dispatch/middleware/request_id.rb:21:in `call'
  rack (1.6.4) lib/rack/methodoverride.rb:22:in `call'
  rack (1.6.4) lib/rack/runtime.rb:18:in `call'
  activesupport (4.2.6) lib/active_support/cache/strategy/local_cache_middleware.rb:28:in `call'
  rack (1.6.4) lib/rack/lock.rb:17:in `call'
  actionpack (4.2.6) lib/action_dispatch/middleware/static.rb:120:in `call'
  rack (1.6.4) lib/rack/sendfile.rb:113:in `call'
  railties (4.2.6) lib/rails/engine.rb:518:in `call'
  railties (4.2.6) lib/rails/application.rb:165:in `call'
  rack (1.6.4) lib/rack/lock.rb:17:in `call'
  rack (1.6.4) lib/rack/content_length.rb:15:in `call'
  rack (1.6.4) lib/rack/handler/webrick.rb:88:in `service'
  /home/gabriel/.rvm/rubies/ruby-2.3.1/lib/ruby/2.3.0/webrick/httpserver.rb:140:in `service'
  /home/gabriel/.rvm/rubies/ruby-2.3.1/lib/ruby/2.3.0/webrick/httpserver.rb:96:in `run'
  /home/gabriel/.rvm/rubies/ruby-2.3.1/lib/ruby/2.3.0/webrick/server.rb:296:in `block in start_thread'


  Rendered /home/gabriel/.rvm/gems/ruby-2.3.1/gems/actionpack-4.2.6/lib/action_dispatch/middleware/templates/rescues/_trace.html.erb (18.1ms)
  Rendered /home/gabriel/.rvm/gems/ruby-2.3.1/gems/actionpack-4.2.6/lib/action_dispatch/middleware/templates/routes/_table.html.erb (170.8ms)
  Rendered /home/gabriel/.rvm/gems/ruby-2.3.1/gems/actionpack-4.2.6/lib/action_dispatch/middleware/templates/rescues/_request_and_response.html.erb (34.8ms)
  Rendered /home/gabriel/.rvm/gems/ruby-2.3.1/gems/actionpack-4.2.6/lib/action_dispatch/middleware/templates/rescues/routing_error.html.erb within rescues/layout (332.7ms)
  Rendered /home/gabriel/.rvm/gems/ruby-2.3.1/gems/web-console-2.3.0/lib/web_console/templates/_markup.html.erb (7.4ms)
  Rendered /home/gabriel/.rvm/gems/ruby-2.3.1/gems/web-console-2.3.0/lib/web_console/templates/_inner_console_markup.html.erb within layouts/inlined_string (1.2ms)
  Rendered /home/gabriel/.rvm/gems/ruby-2.3.1/gems/web-console-2.3.0/lib/web_console/templates/_prompt_box_markup.html.erb within layouts/inlined_string (16.1ms)
  Rendered /home/gabriel/.rvm/gems/ruby-2.3.1/gems/web-console-2.3.0/lib/web_console/templates/style.css.erb within layouts/inlined_string (3.1ms)
  Rendered /home/gabriel/.rvm/gems/ruby-2.3.1/gems/web-console-2.3.0/lib/web_console/templates/console.js.erb within layouts/javascript (92.7ms)
  Rendered /home/gabriel/.rvm/gems/ruby-2.3.1/gems/web-console-2.3.0/lib/web_console/templates/main.js.erb within layouts/javascript (2.1ms)
  Rendered /home/gabriel/.rvm/gems/ruby-2.3.1/gems/web-console-2.3.0/lib/web_console/templates/error_page.js.erb within layouts/javascript (1.6ms)
  Rendered /home/gabriel/.rvm/gems/ruby-2.3.1/gems/web-console-2.3.0/lib/web_console/templates/index.html.erb (199.4ms)


Started GET "/" for 127.0.0.1 at 2016-05-31 17:49:31 -0700

SyntaxError (/home/gabriel/FYPJ/config/routes.rb:4: syntax error, unexpected tIDENTIFIER, expecting keyword_end
get 'SignIn' => "pages#SignIn" as: :SignIn
                                 ^
/home/gabriel/FYPJ/config/routes.rb:5: syntax error, unexpected tIDENTIFIER, expecting keyword_end
  get 'HowItWorks' => "pages#HowItWorks" as: :HowItWorks
                                           ^
/home/gabriel/FYPJ/config/routes.rb:6: syntax error, unexpected tIDENTIFIER, expecting keyword_end
  get 'Employees' => "pages#Employees" as: :Employees
                                         ^
/home/gabriel/FYPJ/config/routes.rb:7: syntax error, unexpected tIDENTIFIER, expecting keyword_end
  get 'SignUp' => "pages#SignUp" as: :SignUp
                                   ^):
  config/routes.rb:4: syntax error, unexpected tIDENTIFIER, expecting keyword_end
  config/routes.rb:5: syntax error, unexpected tIDENTIFIER, expecting keyword_end
  config/routes.rb:6: syntax error, unexpected tIDENTIFIER, expecting keyword_end
  config/routes.rb:7: syntax error, unexpected tIDENTIFIER, expecting keyword_end


  Rendered /home/gabriel/.rvm/gems/ruby-2.3.1/gems/actionpack-4.2.6/lib/action_dispatch/middleware/templates/rescues/_source.erb (8.7ms)
  Rendered /home/gabriel/.rvm/gems/ruby-2.3.1/gems/actionpack-4.2.6/lib/action_dispatch/middleware/templates/rescues/_trace.html.erb (25.1ms)
  Rendered /home/gabriel/.rvm/gems/ruby-2.3.1/gems/actionpack-4.2.6/lib/action_dispatch/middleware/templates/rescues/_request_and_response.html.erb (10.6ms)
  Rendered /home/gabriel/.rvm/gems/ruby-2.3.1/gems/actionpack-4.2.6/lib/action_dispatch/middleware/templates/rescues/diagnostics.html.erb within rescues/layout (105.4ms)
  Rendered /home/gabriel/.rvm/gems/ruby-2.3.1/gems/web-console-2.3.0/lib/web_console/templates/_markup.html.erb (10.3ms)
  Rendered /home/gabriel/.rvm/gems/ruby-2.3.1/gems/web-console-2.3.0/lib/web_console/templates/_inner_console_markup.html.erb within layouts/inlined_string (0.4ms)
  Rendered /home/gabriel/.rvm/gems/ruby-2.3.1/gems/web-console-2.3.0/lib/web_console/templates/_prompt_box_markup.html.erb within layouts/inlined_string (0.4ms)
  Rendered /home/gabriel/.rvm/gems/ruby-2.3.1/gems/web-console-2.3.0/lib/web_console/templates/style.css.erb within layouts/inlined_string (0.8ms)
  Rendered /home/gabriel/.rvm/gems/ruby-2.3.1/gems/web-console-2.3.0/lib/web_console/templates/console.js.erb within layouts/javascript (27.3ms)
  Rendered /home/gabriel/.rvm/gems/ruby-2.3.1/gems/web-console-2.3.0/lib/web_console/templates/main.js.erb within layouts/javascript (4.9ms)
  Rendered /home/gabriel/.rvm/gems/ruby-2.3.1/gems/web-console-2.3.0/lib/web_console/templates/error_page.js.erb within layouts/javascript (1.9ms)
  Rendered /home/gabriel/.rvm/gems/ruby-2.3.1/gems/web-console-2.3.0/lib/web_console/templates/index.html.erb (62.2ms)


Started GET "/" for 127.0.0.1 at 2016-05-31 17:50:43 -0700
Processing by PagesController#SignIn as HTML
  Rendered pages/SignIn.html.erb within layouts/application (0.8ms)
  Rendered shared/_navbar.html.erb (40.8ms)
Completed 500 Internal Server Error in 973ms

ActionView::Template::Error (uninitialized constant ActionView::CompiledTemplates::HowItWorks_path):
    15:     <div class="collapse navbar-collapse" id="bs-example-navbar-collapse-1">
    16:       <ul class="nav navbar-nav">
    17:         <li class = 'active'><%= link_to "SignIn", root_path %></li>
    18:         <li><%= link_to "HowItWorks", HowItWorks_path%></li>
    19:         <li><%= link_to "SignUp", SignUp_path%></li>
    20:         <li><%= link_to "Employees", Employees_path%></li>
    21:         
  app/views/shared/_navbar.html.erb:18:in `_app_views_shared__navbar_html_erb__3967705576503077060_70326110893320'
  app/views/layouts/application.html.erb:11:in `_app_views_layouts_application_html_erb__426516688164167966_70326108989940'


  Rendered /home/gabriel/.rvm/gems/ruby-2.3.1/gems/actionpack-4.2.6/lib/action_dispatch/middleware/templates/rescues/_source.erb (27.3ms)
  Rendered /home/gabriel/.rvm/gems/ruby-2.3.1/gems/actionpack-4.2.6/lib/action_dispatch/middleware/templates/rescues/_trace.html.erb (32.5ms)
  Rendered /home/gabriel/.rvm/gems/ruby-2.3.1/gems/actionpack-4.2.6/lib/action_dispatch/middleware/templates/rescues/_request_and_response.html.erb (16.2ms)
  Rendered /home/gabriel/.rvm/gems/ruby-2.3.1/gems/actionpack-4.2.6/lib/action_dispatch/middleware/templates/rescues/template_error.html.erb within rescues/layout (117.9ms)
  Rendered /home/gabriel/.rvm/gems/ruby-2.3.1/gems/web-console-2.3.0/lib/web_console/templates/_markup.html.erb (1.1ms)
  Rendered /home/gabriel/.rvm/gems/ruby-2.3.1/gems/web-console-2.3.0/lib/web_console/templates/_inner_console_markup.html.erb within layouts/inlined_string (0.6ms)
  Rendered /home/gabriel/.rvm/gems/ruby-2.3.1/gems/web-console-2.3.0/lib/web_console/templates/_prompt_box_markup.html.erb within layouts/inlined_string (0.5ms)
  Rendered /home/gabriel/.rvm/gems/ruby-2.3.1/gems/web-console-2.3.0/lib/web_console/templates/style.css.erb within layouts/inlined_string (0.8ms)
  Rendered /home/gabriel/.rvm/gems/ruby-2.3.1/gems/web-console-2.3.0/lib/web_console/templates/console.js.erb within layouts/javascript (47.8ms)
  Rendered /home/gabriel/.rvm/gems/ruby-2.3.1/gems/web-console-2.3.0/lib/web_console/templates/main.js.erb within layouts/javascript (0.5ms)
  Rendered /home/gabriel/.rvm/gems/ruby-2.3.1/gems/web-console-2.3.0/lib/web_console/templates/error_page.js.erb within layouts/javascript (1.1ms)
  Rendered /home/gabriel/.rvm/gems/ruby-2.3.1/gems/web-console-2.3.0/lib/web_console/templates/index.html.erb (72.7ms)


Started GET "/" for 127.0.0.1 at 2016-05-31 17:51:43 -0700

SyntaxError (/home/gabriel/FYPJ/config/routes.rb:5: syntax error, unexpected tIDENTIFIER, expecting keyword_end
  get 'HowItWorks' => "pages#HowItWorks" as: :HowItWorks
                                           ^
/home/gabriel/FYPJ/config/routes.rb:7: syntax error, unexpected tIDENTIFIER, expecting keyword_end
  get 'Employees' => "pages#Employees" as: :Employees
                                         ^):
  config/routes.rb:5: syntax error, unexpected tIDENTIFIER, expecting keyword_end
  config/routes.rb:7: syntax error, unexpected tIDENTIFIER, expecting keyword_end


  Rendered /home/gabriel/.rvm/gems/ruby-2.3.1/gems/actionpack-4.2.6/lib/action_dispatch/middleware/templates/rescues/_source.erb (12.5ms)
  Rendered /home/gabriel/.rvm/gems/ruby-2.3.1/gems/actionpack-4.2.6/lib/action_dispatch/middleware/templates/rescues/_trace.html.erb (3.7ms)
  Rendered /home/gabriel/.rvm/gems/ruby-2.3.1/gems/actionpack-4.2.6/lib/action_dispatch/middleware/templates/rescues/_request_and_response.html.erb (4.4ms)
  Rendered /home/gabriel/.rvm/gems/ruby-2.3.1/gems/actionpack-4.2.6/lib/action_dispatch/middleware/templates/rescues/diagnostics.html.erb within rescues/layout (35.8ms)
  Rendered /home/gabriel/.rvm/gems/ruby-2.3.1/gems/web-console-2.3.0/lib/web_console/templates/_markup.html.erb (0.3ms)
  Rendered /home/gabriel/.rvm/gems/ruby-2.3.1/gems/web-console-2.3.0/lib/web_console/templates/_inner_console_markup.html.erb within layouts/inlined_string (0.3ms)
  Rendered /home/gabriel/.rvm/gems/ruby-2.3.1/gems/web-console-2.3.0/lib/web_console/templates/_prompt_box_markup.html.erb within layouts/inlined_string (0.4ms)
  Rendered /home/gabriel/.rvm/gems/ruby-2.3.1/gems/web-console-2.3.0/lib/web_console/templates/style.css.erb within layouts/inlined_string (0.7ms)
  Rendered /home/gabriel/.rvm/gems/ruby-2.3.1/gems/web-console-2.3.0/lib/web_console/templates/console.js.erb within layouts/javascript (22.1ms)
  Rendered /home/gabriel/.rvm/gems/ruby-2.3.1/gems/web-console-2.3.0/lib/web_console/templates/main.js.erb within layouts/javascript (1.7ms)
  Rendered /home/gabriel/.rvm/gems/ruby-2.3.1/gems/web-console-2.3.0/lib/web_console/templates/error_page.js.erb within layouts/javascript (0.4ms)
  Rendered /home/gabriel/.rvm/gems/ruby-2.3.1/gems/web-console-2.3.0/lib/web_console/templates/index.html.erb (62.9ms)


Started GET "/" for 127.0.0.1 at 2016-05-31 17:52:47 -0700
Processing by PagesController#SignIn as HTML
  Rendered pages/SignIn.html.erb within layouts/application (0.1ms)
  Rendered shared/_navbar.html.erb (15.0ms)
Completed 500 Internal Server Error in 157ms

ActionView::Template::Error (uninitialized constant ActionView::CompiledTemplates::HowItWorks_path):
    15:     <div class="collapse navbar-collapse" id="bs-example-navbar-collapse-1">
    16:       <ul class="nav navbar-nav">
    17:         <li class = 'active'><%= link_to "SignIn", root_path %></li>
    18:         <li><%= link_to "HowItWorks", HowItWorks_path%></li>
    19:         <li><%= link_to "SignUp", SignUp_path%></li>
    20:         <li><%= link_to "Employees", Employees_path%></li>
    21:         
  app/views/shared/_navbar.html.erb:18:in `_app_views_shared__navbar_html_erb__3967705576503077060_70326110893320'
  app/views/layouts/application.html.erb:11:in `_app_views_layouts_application_html_erb__426516688164167966_70326108989940'


  Rendered /home/gabriel/.rvm/gems/ruby-2.3.1/gems/actionpack-4.2.6/lib/action_dispatch/middleware/templates/rescues/_source.erb (27.2ms)
  Rendered /home/gabriel/.rvm/gems/ruby-2.3.1/gems/actionpack-4.2.6/lib/action_dispatch/middleware/templates/rescues/_trace.html.erb (3.3ms)
  Rendered /home/gabriel/.rvm/gems/ruby-2.3.1/gems/actionpack-4.2.6/lib/action_dispatch/middleware/templates/rescues/_request_and_response.html.erb (3.3ms)
  Rendered /home/gabriel/.rvm/gems/ruby-2.3.1/gems/actionpack-4.2.6/lib/action_dispatch/middleware/templates/rescues/template_error.html.erb within rescues/layout (65.4ms)
  Rendered /home/gabriel/.rvm/gems/ruby-2.3.1/gems/web-console-2.3.0/lib/web_console/templates/_markup.html.erb (0.3ms)
  Rendered /home/gabriel/.rvm/gems/ruby-2.3.1/gems/web-console-2.3.0/lib/web_console/templates/_inner_console_markup.html.erb within layouts/inlined_string (0.4ms)
  Rendered /home/gabriel/.rvm/gems/ruby-2.3.1/gems/web-console-2.3.0/lib/web_console/templates/_prompt_box_markup.html.erb within layouts/inlined_string (0.2ms)
  Rendered /home/gabriel/.rvm/gems/ruby-2.3.1/gems/web-console-2.3.0/lib/web_console/templates/style.css.erb within layouts/inlined_string (0.6ms)
  Rendered /home/gabriel/.rvm/gems/ruby-2.3.1/gems/web-console-2.3.0/lib/web_console/templates/console.js.erb within layouts/javascript (34.4ms)
  Rendered /home/gabriel/.rvm/gems/ruby-2.3.1/gems/web-console-2.3.0/lib/web_console/templates/main.js.erb within layouts/javascript (0.5ms)
  Rendered /home/gabriel/.rvm/gems/ruby-2.3.1/gems/web-console-2.3.0/lib/web_console/templates/error_page.js.erb within layouts/javascript (1.1ms)
  Rendered /home/gabriel/.rvm/gems/ruby-2.3.1/gems/web-console-2.3.0/lib/web_console/templates/index.html.erb (54.8ms)


Started GET "/" for 127.0.0.1 at 2016-05-31 17:54:26 -0700

SyntaxError (/home/gabriel/FYPJ/config/routes.rb:5: syntax error, unexpected tIDENTIFIER, expecting keyword_end
 get "HowItWorks" => "pages#HowItWorks" as: :HowItWorks
                                          ^
/home/gabriel/FYPJ/config/routes.rb:6: syntax error, unexpected tIDENTIFIER, expecting keyword_end
 get "Employees" => "pages#Employees" as: :Employees
                                        ^
/home/gabriel/FYPJ/config/routes.rb:7: syntax error, unexpected tIDENTIFIER, expecting keyword_end
 get "SignUp" => "pages#SignUp" as: :SignUp
                                  ^):
  config/routes.rb:5: syntax error, unexpected tIDENTIFIER, expecting keyword_end
  config/routes.rb:6: syntax error, unexpected tIDENTIFIER, expecting keyword_end
  config/routes.rb:7: syntax error, unexpected tIDENTIFIER, expecting keyword_end


  Rendered /home/gabriel/.rvm/gems/ruby-2.3.1/gems/actionpack-4.2.6/lib/action_dispatch/middleware/templates/rescues/_source.erb (3.9ms)
  Rendered /home/gabriel/.rvm/gems/ruby-2.3.1/gems/actionpack-4.2.6/lib/action_dispatch/middleware/templates/rescues/_trace.html.erb (2.8ms)
  Rendered /home/gabriel/.rvm/gems/ruby-2.3.1/gems/actionpack-4.2.6/lib/action_dispatch/middleware/templates/rescues/_request_and_response.html.erb (2.3ms)
  Rendered /home/gabriel/.rvm/gems/ruby-2.3.1/gems/actionpack-4.2.6/lib/action_dispatch/middleware/templates/rescues/diagnostics.html.erb within rescues/layout (31.3ms)
  Rendered /home/gabriel/.rvm/gems/ruby-2.3.1/gems/web-console-2.3.0/lib/web_console/templates/_markup.html.erb (0.5ms)
  Rendered /home/gabriel/.rvm/gems/ruby-2.3.1/gems/web-console-2.3.0/lib/web_console/templates/_inner_console_markup.html.erb within layouts/inlined_string (0.5ms)
  Rendered /home/gabriel/.rvm/gems/ruby-2.3.1/gems/web-console-2.3.0/lib/web_console/templates/_prompt_box_markup.html.erb within layouts/inlined_string (0.3ms)
  Rendered /home/gabriel/.rvm/gems/ruby-2.3.1/gems/web-console-2.3.0/lib/web_console/templates/style.css.erb within layouts/inlined_string (1.3ms)
  Rendered /home/gabriel/.rvm/gems/ruby-2.3.1/gems/web-console-2.3.0/lib/web_console/templates/console.js.erb within layouts/javascript (28.9ms)
  Rendered /home/gabriel/.rvm/gems/ruby-2.3.1/gems/web-console-2.3.0/lib/web_console/templates/main.js.erb within layouts/javascript (0.4ms)
  Rendered /home/gabriel/.rvm/gems/ruby-2.3.1/gems/web-console-2.3.0/lib/web_console/templates/error_page.js.erb within layouts/javascript (0.5ms)
  Rendered /home/gabriel/.rvm/gems/ruby-2.3.1/gems/web-console-2.3.0/lib/web_console/templates/index.html.erb (47.2ms)


Started GET "/" for 127.0.0.1 at 2016-05-31 18:00:16 -0700
Processing by PagesController#SignIn as HTML
  Rendered pages/SignIn.html.erb within layouts/application (0.1ms)
  Rendered shared/_navbar.html.erb (5.2ms)
Completed 500 Internal Server Error in 124ms

ActionView::Template::Error (uninitialized constant ActionView::CompiledTemplates::HowItWorks_path):
    15:     <div class="collapse navbar-collapse" id="bs-example-navbar-collapse-1">
    16:       <ul class="nav navbar-nav">
    17:         <li class = 'active'><%= link_to "SignIn", root_path %></li>
    18:         <li><%= link_to "HowItWorks", HowItWorks_path%></li>
    19:         <li><%= link_to "SignUp", SignUp_path%></li>
    20:         <li><%= link_to "Employees", Employees_path%></li>
    21:         
  app/views/shared/_navbar.html.erb:18:in `_app_views_shared__navbar_html_erb__3967705576503077060_70326110893320'
  app/views/layouts/application.html.erb:11:in `_app_views_layouts_application_html_erb__426516688164167966_70326108989940'


  Rendered /home/gabriel/.rvm/gems/ruby-2.3.1/gems/actionpack-4.2.6/lib/action_dispatch/middleware/templates/rescues/_source.erb (16.7ms)
  Rendered /home/gabriel/.rvm/gems/ruby-2.3.1/gems/actionpack-4.2.6/lib/action_dispatch/middleware/templates/rescues/_trace.html.erb (8.0ms)
  Rendered /home/gabriel/.rvm/gems/ruby-2.3.1/gems/actionpack-4.2.6/lib/action_dispatch/middleware/templates/rescues/_request_and_response.html.erb (1.7ms)
  Rendered /home/gabriel/.rvm/gems/ruby-2.3.1/gems/actionpack-4.2.6/lib/action_dispatch/middleware/templates/rescues/template_error.html.erb within rescues/layout (43.3ms)
  Rendered /home/gabriel/.rvm/gems/ruby-2.3.1/gems/web-console-2.3.0/lib/web_console/templates/_markup.html.erb (0.5ms)
  Rendered /home/gabriel/.rvm/gems/ruby-2.3.1/gems/web-console-2.3.0/lib/web_console/templates/_inner_console_markup.html.erb within layouts/inlined_string (0.4ms)
  Rendered /home/gabriel/.rvm/gems/ruby-2.3.1/gems/web-console-2.3.0/lib/web_console/templates/_prompt_box_markup.html.erb within layouts/inlined_string (0.3ms)
  Rendered /home/gabriel/.rvm/gems/ruby-2.3.1/gems/web-console-2.3.0/lib/web_console/templates/style.css.erb within layouts/inlined_string (0.4ms)
  Rendered /home/gabriel/.rvm/gems/ruby-2.3.1/gems/web-console-2.3.0/lib/web_console/templates/console.js.erb within layouts/javascript (32.5ms)
  Rendered /home/gabriel/.rvm/gems/ruby-2.3.1/gems/web-console-2.3.0/lib/web_console/templates/main.js.erb within layouts/javascript (0.2ms)
  Rendered /home/gabriel/.rvm/gems/ruby-2.3.1/gems/web-console-2.3.0/lib/web_console/templates/error_page.js.erb within layouts/javascript (0.4ms)
  Rendered /home/gabriel/.rvm/gems/ruby-2.3.1/gems/web-console-2.3.0/lib/web_console/templates/index.html.erb (54.3ms)


Started GET "/" for 127.0.0.1 at 2016-05-31 18:03:37 -0700
Processing by PagesController#SignIn as HTML
  Rendered pages/SignIn.html.erb within layouts/application (0.1ms)
  Rendered shared/_navbar.html.erb (185.1ms)
Completed 500 Internal Server Error in 311ms

ActionView::Template::Error (undefined local variable or method `howItWorks_path' for #<#<Class:0x007fec27df48f8>:0x007fec27dfc9e0>
Did you mean?  HowItWorks_path
               HowItWorks_url):
    15:     <div class="collapse navbar-collapse" id="bs-example-navbar-collapse-1">
    16:       <ul class="nav navbar-nav">
    17:         <li class = 'active'><%= link_to "SignIn", root_path %></li>
    18:         <li><%= link_to "HowItWorks", howItWorks_path%></li>
    19:         <li><%= link_to "SignUp", signUp_path%></li>
    20:         <li><%= link_to "Employees", employees_path%></li>
    21:         
  app/views/shared/_navbar.html.erb:18:in `_app_views_shared__navbar_html_erb__3967705576503077060_70325965359920'
  app/views/layouts/application.html.erb:11:in `_app_views_layouts_application_html_erb__426516688164167966_70326108989940'


  Rendered /home/gabriel/.rvm/gems/ruby-2.3.1/gems/actionpack-4.2.6/lib/action_dispatch/middleware/templates/rescues/_source.erb (7.8ms)
  Rendered /home/gabriel/.rvm/gems/ruby-2.3.1/gems/actionpack-4.2.6/lib/action_dispatch/middleware/templates/rescues/_trace.html.erb (5.9ms)
  Rendered /home/gabriel/.rvm/gems/ruby-2.3.1/gems/actionpack-4.2.6/lib/action_dispatch/middleware/templates/rescues/_request_and_response.html.erb (1.0ms)
  Rendered /home/gabriel/.rvm/gems/ruby-2.3.1/gems/actionpack-4.2.6/lib/action_dispatch/middleware/templates/rescues/template_error.html.erb within rescues/layout (33.7ms)
  Rendered /home/gabriel/.rvm/gems/ruby-2.3.1/gems/web-console-2.3.0/lib/web_console/templates/_markup.html.erb (0.3ms)
  Rendered /home/gabriel/.rvm/gems/ruby-2.3.1/gems/web-console-2.3.0/lib/web_console/templates/_inner_console_markup.html.erb within layouts/inlined_string (0.3ms)
  Rendered /home/gabriel/.rvm/gems/ruby-2.3.1/gems/web-console-2.3.0/lib/web_console/templates/_prompt_box_markup.html.erb within layouts/inlined_string (0.4ms)
  Rendered /home/gabriel/.rvm/gems/ruby-2.3.1/gems/web-console-2.3.0/lib/web_console/templates/style.css.erb within layouts/inlined_string (0.6ms)
  Rendered /home/gabriel/.rvm/gems/ruby-2.3.1/gems/web-console-2.3.0/lib/web_console/templates/console.js.erb within layouts/javascript (16.8ms)
  Rendered /home/gabriel/.rvm/gems/ruby-2.3.1/gems/web-console-2.3.0/lib/web_console/templates/main.js.erb within layouts/javascript (0.3ms)
  Rendered /home/gabriel/.rvm/gems/ruby-2.3.1/gems/web-console-2.3.0/lib/web_console/templates/error_page.js.erb within layouts/javascript (0.4ms)
  Rendered /home/gabriel/.rvm/gems/ruby-2.3.1/gems/web-console-2.3.0/lib/web_console/templates/index.html.erb (35.5ms)


Started GET "/" for 127.0.0.1 at 2016-05-31 18:04:42 -0700
Processing by PagesController#SignIn as HTML
  Rendered pages/SignIn.html.erb within layouts/application (0.0ms)
  Rendered shared/_navbar.html.erb (0.3ms)
Completed 200 OK in 63ms (Views: 62.0ms)


Started GET "/howItWorks" for 127.0.0.1 at 2016-05-31 18:04:45 -0700

AbstractController::ActionNotFound (The action 'howItWorks' could not be found for PagesController):
  actionpack (4.2.6) lib/abstract_controller/base.rb:132:in `process'
  actionview (4.2.6) lib/action_view/rendering.rb:30:in `process'
  actionpack (4.2.6) lib/action_controller/metal.rb:196:in `dispatch'
  actionpack (4.2.6) lib/action_controller/metal/rack_delegation.rb:13:in `dispatch'
  actionpack (4.2.6) lib/action_controller/metal.rb:237:in `block in action'
  actionpack (4.2.6) lib/action_dispatch/routing/route_set.rb:74:in `dispatch'
  actionpack (4.2.6) lib/action_dispatch/routing/route_set.rb:43:in `serve'
  actionpack (4.2.6) lib/action_dispatch/journey/router.rb:43:in `block in serve'
  actionpack (4.2.6) lib/action_dispatch/journey/router.rb:30:in `each'
  actionpack (4.2.6) lib/action_dispatch/journey/router.rb:30:in `serve'
  actionpack (4.2.6) lib/action_dispatch/routing/route_set.rb:817:in `call'
  warden (1.2.6) lib/warden/manager.rb:35:in `block in call'
  warden (1.2.6) lib/warden/manager.rb:34:in `catch'
  warden (1.2.6) lib/warden/manager.rb:34:in `call'
  rack (1.6.4) lib/rack/etag.rb:24:in `call'
  rack (1.6.4) lib/rack/conditionalget.rb:25:in `call'
  rack (1.6.4) lib/rack/head.rb:13:in `call'
  actionpack (4.2.6) lib/action_dispatch/middleware/params_parser.rb:27:in `call'
  actionpack (4.2.6) lib/action_dispatch/middleware/flash.rb:260:in `call'
  rack (1.6.4) lib/rack/session/abstract/id.rb:225:in `context'
  rack (1.6.4) lib/rack/session/abstract/id.rb:220:in `call'
  actionpack (4.2.6) lib/action_dispatch/middleware/cookies.rb:560:in `call'
  actionpack (4.2.6) lib/action_dispatch/middleware/callbacks.rb:29:in `block in call'
  activesupport (4.2.6) lib/active_support/callbacks.rb:88:in `__run_callbacks__'
  activesupport (4.2.6) lib/active_support/callbacks.rb:778:in `_run_call_callbacks'
  activesupport (4.2.6) lib/active_support/callbacks.rb:81:in `run_callbacks'
  actionpack (4.2.6) lib/action_dispatch/middleware/callbacks.rb:27:in `call'
  actionpack (4.2.6) lib/action_dispatch/middleware/reloader.rb:73:in `call'
  actionpack (4.2.6) lib/action_dispatch/middleware/remote_ip.rb:78:in `call'
  actionpack (4.2.6) lib/action_dispatch/middleware/debug_exceptions.rb:17:in `call'
  web-console (2.3.0) lib/web_console/middleware.rb:28:in `block in call'
  web-console (2.3.0) lib/web_console/middleware.rb:18:in `catch'
  web-console (2.3.0) lib/web_console/middleware.rb:18:in `call'
  actionpack (4.2.6) lib/action_dispatch/middleware/show_exceptions.rb:30:in `call'
  railties (4.2.6) lib/rails/rack/logger.rb:38:in `call_app'
  railties (4.2.6) lib/rails/rack/logger.rb:20:in `block in call'
  activesupport (4.2.6) lib/active_support/tagged_logging.rb:68:in `block in tagged'
  activesupport (4.2.6) lib/active_support/tagged_logging.rb:26:in `tagged'
  activesupport (4.2.6) lib/active_support/tagged_logging.rb:68:in `tagged'
  railties (4.2.6) lib/rails/rack/logger.rb:20:in `call'
  actionpack (4.2.6) lib/action_dispatch/middleware/request_id.rb:21:in `call'
  rack (1.6.4) lib/rack/methodoverride.rb:22:in `call'
  rack (1.6.4) lib/rack/runtime.rb:18:in `call'
  activesupport (4.2.6) lib/active_support/cache/strategy/local_cache_middleware.rb:28:in `call'
  rack (1.6.4) lib/rack/lock.rb:17:in `call'
  actionpack (4.2.6) lib/action_dispatch/middleware/static.rb:120:in `call'
  rack (1.6.4) lib/rack/sendfile.rb:113:in `call'
  railties (4.2.6) lib/rails/engine.rb:518:in `call'
  railties (4.2.6) lib/rails/application.rb:165:in `call'
  rack (1.6.4) lib/rack/lock.rb:17:in `call'
  rack (1.6.4) lib/rack/content_length.rb:15:in `call'
  rack (1.6.4) lib/rack/handler/webrick.rb:88:in `service'
  /home/gabriel/.rvm/rubies/ruby-2.3.1/lib/ruby/2.3.0/webrick/httpserver.rb:140:in `service'
  /home/gabriel/.rvm/rubies/ruby-2.3.1/lib/ruby/2.3.0/webrick/httpserver.rb:96:in `run'
  /home/gabriel/.rvm/rubies/ruby-2.3.1/lib/ruby/2.3.0/webrick/server.rb:296:in `block in start_thread'


  Rendered /home/gabriel/.rvm/gems/ruby-2.3.1/gems/actionpack-4.2.6/lib/action_dispatch/middleware/templates/rescues/unknown_action.html.erb within rescues/layout (0.7ms)
  Rendered /home/gabriel/.rvm/gems/ruby-2.3.1/gems/web-console-2.3.0/lib/web_console/templates/_markup.html.erb (0.6ms)
  Rendered /home/gabriel/.rvm/gems/ruby-2.3.1/gems/web-console-2.3.0/lib/web_console/templates/_inner_console_markup.html.erb within layouts/inlined_string (0.5ms)
  Rendered /home/gabriel/.rvm/gems/ruby-2.3.1/gems/web-console-2.3.0/lib/web_console/templates/_prompt_box_markup.html.erb within layouts/inlined_string (5.7ms)
  Rendered /home/gabriel/.rvm/gems/ruby-2.3.1/gems/web-console-2.3.0/lib/web_console/templates/style.css.erb within layouts/inlined_string (0.7ms)
  Rendered /home/gabriel/.rvm/gems/ruby-2.3.1/gems/web-console-2.3.0/lib/web_console/templates/console.js.erb within layouts/javascript (29.8ms)
  Rendered /home/gabriel/.rvm/gems/ruby-2.3.1/gems/web-console-2.3.0/lib/web_console/templates/main.js.erb within layouts/javascript (1.8ms)
  Rendered /home/gabriel/.rvm/gems/ruby-2.3.1/gems/web-console-2.3.0/lib/web_console/templates/error_page.js.erb within layouts/javascript (0.5ms)
  Rendered /home/gabriel/.rvm/gems/ruby-2.3.1/gems/web-console-2.3.0/lib/web_console/templates/index.html.erb (57.0ms)


Started GET "/howItWorks" for 127.0.0.1 at 2016-05-31 18:04:45 -0700

AbstractController::ActionNotFound (The action 'howItWorks' could not be found for PagesController):
  actionpack (4.2.6) lib/abstract_controller/base.rb:132:in `process'
  actionview (4.2.6) lib/action_view/rendering.rb:30:in `process'
  actionpack (4.2.6) lib/action_controller/metal.rb:196:in `dispatch'
  actionpack (4.2.6) lib/action_controller/metal/rack_delegation.rb:13:in `dispatch'
  actionpack (4.2.6) lib/action_controller/metal.rb:237:in `block in action'
  actionpack (4.2.6) lib/action_dispatch/routing/route_set.rb:74:in `dispatch'
  actionpack (4.2.6) lib/action_dispatch/routing/route_set.rb:43:in `serve'
  actionpack (4.2.6) lib/action_dispatch/journey/router.rb:43:in `block in serve'
  actionpack (4.2.6) lib/action_dispatch/journey/router.rb:30:in `each'
  actionpack (4.2.6) lib/action_dispatch/journey/router.rb:30:in `serve'
  actionpack (4.2.6) lib/action_dispatch/routing/route_set.rb:817:in `call'
  warden (1.2.6) lib/warden/manager.rb:35:in `block in call'
  warden (1.2.6) lib/warden/manager.rb:34:in `catch'
  warden (1.2.6) lib/warden/manager.rb:34:in `call'
  rack (1.6.4) lib/rack/etag.rb:24:in `call'
  rack (1.6.4) lib/rack/conditionalget.rb:25:in `call'
  rack (1.6.4) lib/rack/head.rb:13:in `call'
  actionpack (4.2.6) lib/action_dispatch/middleware/params_parser.rb:27:in `call'
  actionpack (4.2.6) lib/action_dispatch/middleware/flash.rb:260:in `call'
  rack (1.6.4) lib/rack/session/abstract/id.rb:225:in `context'
  rack (1.6.4) lib/rack/session/abstract/id.rb:220:in `call'
  actionpack (4.2.6) lib/action_dispatch/middleware/cookies.rb:560:in `call'
  actionpack (4.2.6) lib/action_dispatch/middleware/callbacks.rb:29:in `block in call'
  activesupport (4.2.6) lib/active_support/callbacks.rb:88:in `__run_callbacks__'
  activesupport (4.2.6) lib/active_support/callbacks.rb:778:in `_run_call_callbacks'
  activesupport (4.2.6) lib/active_support/callbacks.rb:81:in `run_callbacks'
  actionpack (4.2.6) lib/action_dispatch/middleware/callbacks.rb:27:in `call'
  actionpack (4.2.6) lib/action_dispatch/middleware/reloader.rb:73:in `call'
  actionpack (4.2.6) lib/action_dispatch/middleware/remote_ip.rb:78:in `call'
  actionpack (4.2.6) lib/action_dispatch/middleware/debug_exceptions.rb:17:in `call'
  web-console (2.3.0) lib/web_console/middleware.rb:28:in `block in call'
  web-console (2.3.0) lib/web_console/middleware.rb:18:in `catch'
  web-console (2.3.0) lib/web_console/middleware.rb:18:in `call'
  actionpack (4.2.6) lib/action_dispatch/middleware/show_exceptions.rb:30:in `call'
  railties (4.2.6) lib/rails/rack/logger.rb:38:in `call_app'
  railties (4.2.6) lib/rails/rack/logger.rb:20:in `block in call'
  activesupport (4.2.6) lib/active_support/tagged_logging.rb:68:in `block in tagged'
  activesupport (4.2.6) lib/active_support/tagged_logging.rb:26:in `tagged'
  activesupport (4.2.6) lib/active_support/tagged_logging.rb:68:in `tagged'
  railties (4.2.6) lib/rails/rack/logger.rb:20:in `call'
  actionpack (4.2.6) lib/action_dispatch/middleware/request_id.rb:21:in `call'
  rack (1.6.4) lib/rack/methodoverride.rb:22:in `call'
  rack (1.6.4) lib/rack/runtime.rb:18:in `call'
  activesupport (4.2.6) lib/active_support/cache/strategy/local_cache_middleware.rb:28:in `call'
  rack (1.6.4) lib/rack/lock.rb:17:in `call'
  actionpack (4.2.6) lib/action_dispatch/middleware/static.rb:120:in `call'
  rack (1.6.4) lib/rack/sendfile.rb:113:in `call'
  railties (4.2.6) lib/rails/engine.rb:518:in `call'
  railties (4.2.6) lib/rails/application.rb:165:in `call'
  rack (1.6.4) lib/rack/lock.rb:17:in `call'
  rack (1.6.4) lib/rack/content_length.rb:15:in `call'
  rack (1.6.4) lib/rack/handler/webrick.rb:88:in `service'
  /home/gabriel/.rvm/rubies/ruby-2.3.1/lib/ruby/2.3.0/webrick/httpserver.rb:140:in `service'
  /home/gabriel/.rvm/rubies/ruby-2.3.1/lib/ruby/2.3.0/webrick/httpserver.rb:96:in `run'
  /home/gabriel/.rvm/rubies/ruby-2.3.1/lib/ruby/2.3.0/webrick/server.rb:296:in `block in start_thread'


  Rendered /home/gabriel/.rvm/gems/ruby-2.3.1/gems/actionpack-4.2.6/lib/action_dispatch/middleware/templates/rescues/unknown_action.html.erb within rescues/layout (2.6ms)
  Rendered /home/gabriel/.rvm/gems/ruby-2.3.1/gems/web-console-2.3.0/lib/web_console/templates/_markup.html.erb (0.6ms)
  Rendered /home/gabriel/.rvm/gems/ruby-2.3.1/gems/web-console-2.3.0/lib/web_console/templates/_inner_console_markup.html.erb within layouts/inlined_string (0.5ms)
  Rendered /home/gabriel/.rvm/gems/ruby-2.3.1/gems/web-console-2.3.0/lib/web_console/templates/_prompt_box_markup.html.erb within layouts/inlined_string (0.5ms)
  Rendered /home/gabriel/.rvm/gems/ruby-2.3.1/gems/web-console-2.3.0/lib/web_console/templates/style.css.erb within layouts/inlined_string (3.5ms)
  Rendered /home/gabriel/.rvm/gems/ruby-2.3.1/gems/web-console-2.3.0/lib/web_console/templates/console.js.erb within layouts/javascript (30.4ms)
  Rendered /home/gabriel/.rvm/gems/ruby-2.3.1/gems/web-console-2.3.0/lib/web_console/templates/main.js.erb within layouts/javascript (0.2ms)
  Rendered /home/gabriel/.rvm/gems/ruby-2.3.1/gems/web-console-2.3.0/lib/web_console/templates/error_page.js.erb within layouts/javascript (0.5ms)
  Rendered /home/gabriel/.rvm/gems/ruby-2.3.1/gems/web-console-2.3.0/lib/web_console/templates/index.html.erb (45.0ms)


Started GET "/howItWorks" for 127.0.0.1 at 2016-05-31 18:05:05 -0700
Processing by PagesController#HowItWorks as HTML
  Rendered pages/HowItWorks.html.erb within layouts/application (0.1ms)
  Rendered shared/_navbar.html.erb (0.4ms)
Completed 200 OK in 75ms (Views: 74.7ms)


Started GET "/howItWorks" for 127.0.0.1 at 2016-05-31 18:05:06 -0700
Processing by PagesController#HowItWorks as HTML
  Rendered pages/HowItWorks.html.erb within layouts/application (0.4ms)
  Rendered shared/_navbar.html.erb (0.9ms)
Completed 200 OK in 54ms (Views: 53.9ms)


Started GET "/howItWorks" for 127.0.0.1 at 2016-05-31 18:05:08 -0700
Processing by PagesController#HowItWorks as HTML
  Rendered pages/HowItWorks.html.erb within layouts/application (0.0ms)
  Rendered shared/_navbar.html.erb (0.3ms)
Completed 200 OK in 51ms (Views: 50.5ms)


Started GET "/howItWorks" for 127.0.0.1 at 2016-05-31 18:05:08 -0700
Processing by PagesController#HowItWorks as HTML
  Rendered pages/HowItWorks.html.erb within layouts/application (0.0ms)
  Rendered shared/_navbar.html.erb (0.3ms)
Completed 200 OK in 53ms (Views: 52.6ms)


Started GET "/howItWorks" for 127.0.0.1 at 2016-05-31 18:05:08 -0700
Processing by PagesController#HowItWorks as HTML
  Rendered pages/HowItWorks.html.erb within layouts/application (0.0ms)
  Rendered shared/_navbar.html.erb (0.5ms)
Completed 200 OK in 43ms (Views: 42.4ms)


Started GET "/howItWorks" for 127.0.0.1 at 2016-05-31 18:05:08 -0700
Processing by PagesController#HowItWorks as HTML
  Rendered pages/HowItWorks.html.erb within layouts/application (0.6ms)
  Rendered shared/_navbar.html.erb (0.3ms)
Completed 200 OK in 44ms (Views: 43.3ms)


Started GET "/signUp" for 127.0.0.1 at 2016-05-31 18:05:09 -0700
Processing by PagesController#SignUp as HTML
  Rendered pages/SignUp.html.erb within layouts/application (2.6ms)
  Rendered shared/_navbar.html.erb (0.4ms)
Completed 200 OK in 58ms (Views: 57.4ms)


Started GET "/signUp" for 127.0.0.1 at 2016-05-31 18:05:09 -0700
Processing by PagesController#SignUp as HTML
  Rendered pages/SignUp.html.erb within layouts/application (0.0ms)
  Rendered shared/_navbar.html.erb (0.4ms)
Completed 200 OK in 95ms (Views: 95.1ms)


Started GET "/employees" for 127.0.0.1 at 2016-05-31 18:05:10 -0700
Processing by PagesController#Employees as HTML
  Rendered pages/Employees.html.erb within layouts/application (0.5ms)
  Rendered shared/_navbar.html.erb (0.3ms)
Completed 200 OK in 69ms (Views: 68.5ms)


Started GET "/" for 127.0.0.1 at 2016-05-31 18:05:11 -0700
Processing by PagesController#SignIn as HTML
  Rendered pages/SignIn.html.erb within layouts/application (0.3ms)
  Rendered shared/_navbar.html.erb (0.3ms)
Completed 200 OK in 55ms (Views: 54.8ms)


Started GET "/howItWorks" for 127.0.0.1 at 2016-05-31 18:05:12 -0700
Processing by PagesController#HowItWorks as HTML
  Rendered pages/HowItWorks.html.erb within layouts/application (0.0ms)
  Rendered shared/_navbar.html.erb (0.3ms)
Completed 200 OK in 45ms (Views: 44.8ms)


Started GET "/employees" for 127.0.0.1 at 2016-05-31 18:05:12 -0700
Processing by PagesController#Employees as HTML
  Rendered pages/Employees.html.erb within layouts/application (0.0ms)
  Rendered shared/_navbar.html.erb (0.4ms)
Completed 200 OK in 56ms (Views: 55.4ms)


Started GET "/signUp" for 127.0.0.1 at 2016-05-31 18:05:13 -0700
Processing by PagesController#SignUp as HTML
  Rendered pages/SignUp.html.erb within layouts/application (0.0ms)
  Rendered shared/_navbar.html.erb (0.3ms)
Completed 200 OK in 49ms (Views: 48.3ms)


Started GET "/howItWorks" for 127.0.0.1 at 2016-05-31 18:05:20 -0700
Processing by PagesController#HowItWorks as HTML
  Rendered pages/HowItWorks.html.erb within layouts/application (0.0ms)
  Rendered shared/_navbar.html.erb (0.3ms)
Completed 200 OK in 80ms (Views: 79.5ms)


Started GET "/signUp" for 127.0.0.1 at 2016-05-31 18:05:21 -0700
Processing by PagesController#SignUp as HTML
  Rendered pages/SignUp.html.erb within layouts/application (0.0ms)
  Rendered shared/_navbar.html.erb (0.4ms)
Completed 200 OK in 66ms (Views: 66.0ms)


Started GET "/employees" for 127.0.0.1 at 2016-05-31 18:05:21 -0700
Processing by PagesController#Employees as HTML
  Rendered pages/Employees.html.erb within layouts/application (0.0ms)
  Rendered shared/_navbar.html.erb (0.3ms)
Completed 200 OK in 55ms (Views: 54.2ms)


Started GET "/howItWorks" for 127.0.0.1 at 2016-05-31 18:05:22 -0700
Processing by PagesController#HowItWorks as HTML
  Rendered pages/HowItWorks.html.erb within layouts/application (0.0ms)
  Rendered shared/_navbar.html.erb (0.3ms)
Completed 200 OK in 45ms (Views: 44.4ms)


Started GET "/" for 127.0.0.1 at 2016-05-31 18:05:23 -0700
Processing by PagesController#SignIn as HTML
  Rendered pages/SignIn.html.erb within layouts/application (0.0ms)
  Rendered shared/_navbar.html.erb (0.3ms)
Completed 200 OK in 40ms (Views: 39.4ms)


Started GET "/howItWorks" for 127.0.0.1 at 2016-05-31 18:05:53 -0700
Processing by PagesController#HowItWorks as HTML
  Rendered pages/HowItWorks.html.erb within layouts/application (0.0ms)
  Rendered shared/_navbar.html.erb (0.3ms)
Completed 200 OK in 40ms (Views: 39.5ms)


Started GET "/signUp" for 127.0.0.1 at 2016-05-31 18:05:54 -0700
Processing by PagesController#SignUp as HTML
  Rendered pages/SignUp.html.erb within layouts/application (0.0ms)
  Rendered shared/_navbar.html.erb (0.3ms)
Completed 200 OK in 75ms (Views: 74.8ms)


Started GET "/employees" for 127.0.0.1 at 2016-05-31 18:05:54 -0700
Processing by PagesController#Employees as HTML
  Rendered pages/Employees.html.erb within layouts/application (0.1ms)
  Rendered shared/_navbar.html.erb (0.3ms)
Completed 200 OK in 52ms (Views: 51.7ms)


Started GET "/" for 127.0.0.1 at 2016-05-31 18:05:57 -0700
Processing by PagesController#SignIn as HTML
  Rendered pages/SignIn.html.erb within layouts/application (0.0ms)
  Rendered shared/_navbar.html.erb (0.2ms)
Completed 200 OK in 38ms (Views: 37.4ms)


Started GET "/howItWorks" for 127.0.0.1 at 2016-05-31 18:13:48 -0700
Processing by PagesController#HowItWorks as HTML
  Rendered pages/HowItWorks.html.erb within layouts/application (4.8ms)
  Rendered shared/_navbar.html.erb (260.9ms)
Completed 200 OK in 2002ms (Views: 1834.1ms)


Started GET "/howItWorks" for 127.0.0.1 at 2016-05-31 18:13:51 -0700
Processing by PagesController#HowItWorks as HTML
  Rendered pages/HowItWorks.html.erb within layouts/application (0.0ms)
  Rendered shared/_navbar.html.erb (1.2ms)
Completed 200 OK in 383ms (Views: 380.5ms)


Started GET "/signUp" for 127.0.0.1 at 2016-05-31 18:13:52 -0700
Processing by PagesController#SignUp as HTML
  Rendered pages/SignUp.html.erb within layouts/application (0.0ms)
  Rendered shared/_navbar.html.erb (0.4ms)
Completed 200 OK in 274ms (Views: 273.6ms)


Started GET "/employees" for 127.0.0.1 at 2016-05-31 18:13:53 -0700
Processing by PagesController#Employees as HTML
  Rendered pages/Employees.html.erb within layouts/application (2.4ms)
  Rendered shared/_navbar.html.erb (0.7ms)
Completed 200 OK in 152ms (Views: 151.1ms)


Started GET "/signUp" for 127.0.0.1 at 2016-05-31 18:13:54 -0700
Processing by PagesController#SignUp as HTML
  Rendered pages/SignUp.html.erb within layouts/application (0.0ms)
  Rendered shared/_navbar.html.erb (0.3ms)
Completed 200 OK in 169ms (Views: 168.6ms)


Started GET "/howItWorks" for 127.0.0.1 at 2016-05-31 18:13:55 -0700
Processing by PagesController#HowItWorks as HTML
  Rendered pages/HowItWorks.html.erb within layouts/application (0.0ms)
  Rendered shared/_navbar.html.erb (0.3ms)
Completed 200 OK in 119ms (Views: 118.4ms)


Started GET "/" for 127.0.0.1 at 2016-05-31 18:13:55 -0700
Processing by PagesController#SignIn as HTML
  Rendered pages/SignIn.html.erb within layouts/application (0.0ms)
  Rendered shared/_navbar.html.erb (0.3ms)
Completed 200 OK in 673ms (Views: 672.2ms)


Started GET "/" for 127.0.0.1 at 2016-05-31 18:14:49 -0700
Processing by PagesController#SignIn as HTML
  Rendered pages/SignIn.html.erb within layouts/application (0.1ms)
  Rendered shared/_navbar.html.erb (28.4ms)
Completed 200 OK in 200ms (Views: 199.0ms)


Started GET "/howItWorks" for 127.0.0.1 at 2016-05-31 18:27:20 -0700
Processing by PagesController#HowItWorks as HTML
  Rendered pages/HowItWorks.html.erb within layouts/application (0.2ms)
  Rendered shared/_navbar.html.erb (172.5ms)
Completed 200 OK in 1701ms (Views: 1699.5ms)


Started GET "/signUp" for 127.0.0.1 at 2016-05-31 18:27:23 -0700
Processing by PagesController#SignUp as HTML
  Rendered pages/SignUp.html.erb within layouts/application (0.1ms)
  Rendered shared/_navbar.html.erb (0.4ms)
Completed 200 OK in 17002ms (Views: 17001.8ms)


Started GET "/signUp" for 127.0.0.1 at 2016-05-31 18:27:40 -0700
Processing by PagesController#SignUp as HTML
  Rendered pages/SignUp.html.erb within layouts/application (0.0ms)
  Rendered shared/_navbar.html.erb (0.6ms)
Completed 200 OK in 3035ms (Views: 3020.7ms)


Started GET "/howItWorks" for 127.0.0.1 at 2016-05-31 18:27:43 -0700
Processing by PagesController#HowItWorks as HTML
  Rendered pages/HowItWorks.html.erb within layouts/application (0.1ms)
  Rendered shared/_navbar.html.erb (0.3ms)
Completed 200 OK in 1689ms (Views: 1675.1ms)


Started GET "/signUp" for 127.0.0.1 at 2016-05-31 18:27:44 -0700
Processing by PagesController#SignUp as HTML
  Rendered pages/SignUp.html.erb within layouts/application (0.1ms)
  Rendered shared/_navbar.html.erb (0.3ms)
Completed 200 OK in 404ms (Views: 403.4ms)


Started GET "/howItWorks" for 127.0.0.1 at 2016-05-31 18:27:45 -0700
Processing by PagesController#HowItWorks as HTML
  Rendered pages/HowItWorks.html.erb within layouts/application (0.0ms)
  Rendered shared/_navbar.html.erb (0.4ms)
Completed 200 OK in 281ms (Views: 280.7ms)


Started GET "/signUp" for 127.0.0.1 at 2016-05-31 18:27:45 -0700
Processing by PagesController#SignUp as HTML
  Rendered pages/SignUp.html.erb within layouts/application (0.0ms)
  Rendered shared/_navbar.html.erb (0.4ms)
Completed 200 OK in 51ms (Views: 50.5ms)


Started GET "/signUp" for 127.0.0.1 at 2016-05-31 18:27:45 -0700
Processing by PagesController#SignUp as HTML
  Rendered pages/SignUp.html.erb within layouts/application (0.0ms)
  Rendered shared/_navbar.html.erb (0.3ms)
Completed 200 OK in 58ms (Views: 58.0ms)


Started GET "/" for 127.0.0.1 at 2016-05-31 18:27:45 -0700
Processing by PagesController#SignIn as HTML
  Rendered pages/SignIn.html.erb within layouts/application (0.1ms)
  Rendered shared/_navbar.html.erb (0.3ms)
Completed 200 OK in 190ms (Views: 190.0ms)


Started GET "/employees" for 127.0.0.1 at 2016-05-31 18:27:46 -0700
Processing by PagesController#Employees as HTML
  Rendered pages/Employees.html.erb within layouts/application (0.1ms)
  Rendered shared/_navbar.html.erb (0.3ms)
Completed 200 OK in 89ms (Views: 88.6ms)


Started GET "/howItWorks" for 127.0.0.1 at 2016-05-31 18:27:46 -0700
Processing by PagesController#HowItWorks as HTML
  Rendered pages/HowItWorks.html.erb within layouts/application (0.1ms)
  Rendered shared/_navbar.html.erb (0.3ms)
Completed 200 OK in 100ms (Views: 99.1ms)


Started GET "/signUp" for 127.0.0.1 at 2016-05-31 18:27:48 -0700
Processing by PagesController#SignUp as HTML
  Rendered pages/SignUp.html.erb within layouts/application (0.0ms)
  Rendered shared/_navbar.html.erb (0.3ms)
Completed 200 OK in 52ms (Views: 51.9ms)
